# JRE version: Java(TM) SE Runtime Environment (17.0.2+8) (build 17.0.2+8-LTS-86)
# Java VM: Java HotSpot(TM) 64-Bit Server VM (17.0.2+8-LTS-86, mixed mode, sharing, tiered, compressed oops, compressed class ptrs, g1 gc, windows-amd64)
GC Precious Log:
 CPUs: 4 total, 4 available
 Memory: 8073M
 Large Page Support: Disabled
 NUMA Support: Disabled
 Compressed Oops: Enabled (32-bit)
 Heap Region Size: 1M
 Heap Min Capacity: 8M
 Heap Initial Capacity: 128M
 Heap Max Capacity: 2020M
 Pre-touch: Disabled
 Parallel Workers: 4
 Concurrent Workers: 1
 Concurrent Refinement Workers: 4
 Periodic GC: Disabled
Heap:
 garbage-first heap   total 75776K, used 49506K [0x0000000081c00000, 0x0000000100000000)
  region size 1024K, 37 young (37888K), 6 survivors (6144K)
 Metaspace       used 38874K, committed 39168K, reserved 1089536K
  class space    used 4910K, committed 5056K, reserved 1048576K
GC Heap History (20 events):
Event: 8.268 GC heap before
{Heap before GC invocations=3 (full 0):
 garbage-first heap   total 131072K, used 84393K [0x0000000081c00000, 0x0000000100000000)
  region size 1024K, 76 young (77824K), 2 survivors (2048K)
 Metaspace       used 16110K, committed 16320K, reserved 1064960K
  class space    used 2022K, committed 2112K, reserved 1048576K
}
Event: 8.276 GC heap after
{Heap after GC invocations=4 (full 0):
 garbage-first heap   total 131072K, used 10905K [0x0000000081c00000, 0x0000000100000000)
  region size 1024K, 5 young (5120K), 5 survivors (5120K)
 Metaspace       used 16110K, committed 16320K, reserved 1064960K
  class space    used 2022K, committed 2112K, reserved 1048576K
}
Event: 9.112 GC heap before
{Heap before GC invocations=4 (full 0):
 garbage-first heap   total 131072K, used 68249K [0x0000000081c00000, 0x0000000100000000)
  region size 1024K, 63 young (64512K), 5 survivors (5120K)
 Metaspace       used 21250K, committed 21504K, reserved 1073152K
  class space    used 2719K, committed 2880K, reserved 1048576K
}
Event: 9.120 GC heap after
{Heap after GC invocations=5 (full 0):
 garbage-first heap   total 131072K, used 12448K [0x0000000081c00000, 0x0000000100000000)
  region size 1024K, 6 young (6144K), 6 survivors (6144K)
 Metaspace       used 21250K, committed 21504K, reserved 1073152K
  class space    used 2719K, committed 2880K, reserved 1048576K
}
Event: 9.499 GC heap before
{Heap before GC invocations=6 (full 0):
 garbage-first heap   total 48128K, used 33952K [0x0000000081c00000, 0x0000000100000000)
  region size 1024K, 28 young (28672K), 6 survivors (6144K)
 Metaspace       used 23060K, committed 23296K, reserved 1073152K
  class space    used 2920K, committed 3072K, reserved 1048576K
}
Event: 9.509 GC heap after
{Heap after GC invocations=7 (full 0):
 garbage-first heap   total 48128K, used 13193K [0x0000000081c00000, 0x0000000100000000)
  region size 1024K, 3 young (3072K), 3 survivors (3072K)
 Metaspace       used 23060K, committed 23296K, reserved 1073152K
  class space    used 2920K, committed 3072K, reserved 1048576K
}
Event: 9.520 GC heap before
{Heap before GC invocations=7 (full 0):
 garbage-first heap   total 48128K, used 13193K [0x0000000081c00000, 0x0000000100000000)
  region size 1024K, 4 young (4096K), 3 survivors (3072K)
 Metaspace       used 23127K, committed 23360K, reserved 1073152K
  class space    used 2924K, committed 3072K, reserved 1048576K
}
Event: 9.525 GC heap after
{Heap after GC invocations=8 (full 0):
 garbage-first heap   total 48128K, used 13058K [0x0000000081c00000, 0x0000000100000000)
  region size 1024K, 1 young (1024K), 1 survivors (1024K)
 Metaspace       used 23127K, committed 23360K, reserved 1073152K
  class space    used 2924K, committed 3072K, reserved 1048576K
}
Event: 9.827 GC heap before
{Heap before GC invocations=8 (full 0):
 garbage-first heap   total 48128K, used 34562K [0x0000000081c00000, 0x0000000100000000)
  region size 1024K, 22 young (22528K), 1 survivors (1024K)
 Metaspace       used 24580K, committed 24832K, reserved 1073152K
  class space    used 3142K, committed 3264K, reserved 1048576K
}
Event: 9.831 GC heap after
{Heap after GC invocations=9 (full 0):
 garbage-first heap   total 48128K, used 13325K [0x0000000081c00000, 0x0000000100000000)
  region size 1024K, 1 young (1024K), 1 survivors (1024K)
 Metaspace       used 24580K, committed 24832K, reserved 1073152K
  class space    used 3142K, committed 3264K, reserved 1048576K
}
Event: 10.423 GC heap before
{Heap before GC invocations=9 (full 0):
 garbage-first heap   total 48128K, used 34829K [0x0000000081c00000, 0x0000000100000000)
  region size 1024K, 23 young (23552K), 1 survivors (1024K)
 Metaspace       used 25979K, committed 26304K, reserved 1073152K
  class space    used 3310K, committed 3456K, reserved 1048576K
}
Event: 10.428 GC heap after
{Heap after GC invocations=10 (full 0):
 garbage-first heap   total 48128K, used 14190K [0x0000000081c00000, 0x0000000100000000)
  region size 1024K, 2 young (2048K), 2 survivors (2048K)
 Metaspace       used 25979K, committed 26304K, reserved 1073152K
  class space    used 3310K, committed 3456K, reserved 1048576K
}
Event: 10.936 GC heap before
{Heap before GC invocations=10 (full 0):
 garbage-first heap   total 48128K, used 36718K [0x0000000081c00000, 0x0000000100000000)
  region size 1024K, 24 young (24576K), 2 survivors (2048K)
 Metaspace       used 27549K, committed 27840K, reserved 1081344K
  class space    used 3536K, committed 3712K, reserved 1048576K
}
Event: 10.939 GC heap after
{Heap after GC invocations=11 (full 0):
 garbage-first heap   total 48128K, used 14884K [0x0000000081c00000, 0x0000000100000000)
  region size 1024K, 3 young (3072K), 3 survivors (3072K)
 Metaspace       used 27549K, committed 27840K, reserved 1081344K
  class space    used 3536K, committed 3712K, reserved 1048576K
}
Event: 11.459 GC heap before
{Heap before GC invocations=11 (full 0):
 garbage-first heap   total 48128K, used 36388K [0x0000000081c00000, 0x0000000100000000)
  region size 1024K, 25 young (25600K), 3 survivors (3072K)
 Metaspace       used 29459K, committed 29760K, reserved 1081344K
  class space    used 3797K, committed 3968K, reserved 1048576K
}
Event: 11.466 GC heap after
{Heap after GC invocations=12 (full 0):
 garbage-first heap   total 48128K, used 15942K [0x0000000081c00000, 0x0000000100000000)
  region size 1024K, 4 young (4096K), 4 survivors (4096K)
 Metaspace       used 29459K, committed 29760K, reserved 1081344K
  class space    used 3797K, committed 3968K, reserved 1048576K
}
Event: 12.453 GC heap before
{Heap before GC invocations=12 (full 0):
 garbage-first heap   total 48128K, used 37446K [0x0000000081c00000, 0x0000000100000000)
  region size 1024K, 25 young (25600K), 4 survivors (4096K)
 Metaspace       used 31140K, committed 31360K, reserved 1081344K
  class space    used 4054K, committed 4160K, reserved 1048576K
}
Event: 12.461 GC heap after
{Heap after GC invocations=13 (full 0):
 garbage-first heap   total 96256K, used 17426K [0x0000000081c00000, 0x0000000100000000)
  region size 1024K, 4 young (4096K), 4 survivors (4096K)
 Metaspace       used 31140K, committed 31360K, reserved 1081344K
  class space    used 4054K, committed 4160K, reserved 1048576K
}
Event: 15.843 GC heap before
{Heap before GC invocations=13 (full 0):
 garbage-first heap   total 96256K, used 66578K [0x0000000081c00000, 0x0000000100000000)
  region size 1024K, 53 young (54272K), 4 survivors (4096K)
 Metaspace       used 35690K, committed 35968K, reserved 1081344K
  class space    used 4535K, committed 4672K, reserved 1048576K
}
Event: 15.854 GC heap after
{Heap after GC invocations=14 (full 0):
 garbage-first heap   total 96256K, used 19810K [0x0000000081c00000, 0x0000000100000000)
  region size 1024K, 6 young (6144K), 6 survivors (6144K)
 Metaspace       used 35690K, committed 35968K, reserved 1081344K
  class space    used 4535K, committed 4672K, reserved 1048576K
}

